Using pre-set license
Built from '2020.3/staging' branch; Version is '2020.3.5f1 (8095aa901b9b) revision 8426922'; Using compiler version '192528614'; Build Type 'Release'
OS: 'Windows 10 Pro; OS build 19044.1586; Version 2009; 64bit' Language: 'en' Physical Memory: 16332 MB
BatchMode: 1, IsHumanControllingUs: 0, StartBugReporterOnCrash: 0, Is64bit: 1, IsPro: 0

 COMMAND LINE ARGUMENTS:
C:\Program Files\Unity\Hub\Editor\2020.3.5f1\Editor\Unity.exe
-adb2
-batchMode
-noUpm
-name
AssetImportWorker0
-projectPath
C:/Users/brian/Desktop/CollegeFiles/UnityProjects/GAME3033_Final_ViveirosBrian
-logFile
Logs/AssetImportWorker0.log
-srvPort
56951
Successfully changed project path to: C:/Users/brian/Desktop/CollegeFiles/UnityProjects/GAME3033_Final_ViveirosBrian
C:/Users/brian/Desktop/CollegeFiles/UnityProjects/GAME3033_Final_ViveirosBrian
Using Asset Import Pipeline V2.
Refreshing native plugins compatible for Editor in 48.00 ms, found 0 plugins.
Preloading 0 native plugins for Editor in 0.00 ms.
Initialize engine version: 2020.3.5f1 (8095aa901b9b)
[Subsystems] Discovering subsystems at path C:/Program Files/Unity/Hub/Editor/2020.3.5f1/Editor/Data/Resources/UnitySubsystems
[Subsystems] Discovering subsystems at path C:/Users/brian/Desktop/CollegeFiles/UnityProjects/GAME3033_Final_ViveirosBrian/Assets
GfxDevice: creating device client; threaded=0
Direct3D:
    Version:  Direct3D 11.0 [level 11.1]
    Renderer: NVIDIA GeForce GTX 1060 6GB (ID=0x1c03)
    Vendor:   
    VRAM:     6052 MB
    Driver:   30.0.15.1179
Shader 'Universal Render Pipeline/Particles/Lit': fallback shader 'Universal Render Pipeline/Particles/SimpleLit' not found
Initialize mono
Mono path[0] = 'C:/Program Files/Unity/Hub/Editor/2020.3.5f1/Editor/Data/Managed'
Mono path[1] = 'C:/Program Files/Unity/Hub/Editor/2020.3.5f1/Editor/Data/MonoBleedingEdge/lib/mono/unityjit'
Mono config path = 'C:/Program Files/Unity/Hub/Editor/2020.3.5f1/Editor/Data/MonoBleedingEdge/etc'
Using monoOptions --debugger-agent=transport=dt_socket,embedding=1,server=y,suspend=n,address=127.0.0.1:56648
Begin MonoManager ReloadAssembly
Registering precompiled unity dll's ...
Register platform support module: C:/Program Files/Unity/Hub/Editor/2020.3.5f1/Editor/Data/PlaybackEngines/WebGLSupport/UnityEditor.WebGL.Extensions.dll
Register platform support module: C:/Program Files/Unity/Hub/Editor/2020.3.5f1/Editor/Data/PlaybackEngines/WindowsStandaloneSupport/UnityEditor.WindowsStandalone.Extensions.dll
Register platform support module: C:/Program Files/Unity/Hub/Editor/2020.3.5f1/Editor/Data/PlaybackEngines/LinuxStandaloneSupport/UnityEditor.LinuxStandalone.Extensions.dll
Registered in 0.003422 seconds.
Native extension for LinuxStandalone target not found
Native extension for WindowsStandalone target not found
Native extension for WebGL target not found
Refreshing native plugins compatible for Editor in 55.90 ms, found 0 plugins.
Preloading 0 native plugins for Editor in 0.00 ms.
Mono: successfully reloaded assembly
- Completed reload, in  2.403 seconds
Platform modules already initialized, skipping
Registering precompiled user dll's ...
Registered in 0.001472 seconds.
Begin MonoManager ReloadAssembly
Native extension for LinuxStandalone target not found
Native extension for WindowsStandalone target not found
Native extension for WebGL target not found
Refreshing native plugins compatible for Editor in 57.90 ms, found 0 plugins.
Preloading 0 native plugins for Editor in 0.00 ms.
Mono: successfully reloaded assembly
- Completed reload, in  0.978 seconds
Platform modules already initialized, skipping
========================================================================
Worker process is ready to serve import requests
Shader 'Universal Render Pipeline/Particles/Lit': fallback shader 'Universal Render Pipeline/Particles/SimpleLit' not found
Launched and connected shader compiler UnityShaderCompiler.exe after 0.05 seconds
Refreshing native plugins compatible for Editor in 0.45 ms, found 0 plugins.
Preloading 0 native plugins for Editor in 0.00 ms.
Unloading 2815 Unused Serialized files (Serialized files now loaded: 0)
System memory in use before: 147.8 MB.
System memory in use after: 148.0 MB.

Unloading 12 unused Assets to reduce memory usage. Loaded Objects now: 3286.
Total: 3.326500 ms (FindLiveObjects: 0.377500 ms CreateObjectMapping: 0.070000 ms MarkObjects: 2.754500 ms  DeleteObjects: 0.123100 ms)

========================================================================
Received Import Request.
  path: Assets/Art/speed_bump.fbx
  artifactKey: Guid(73221e76d5947284daf4e05dd4c93a76) Importer(815301076,1909f56bfc062723c751e8b465ee728b)
Start importing Assets/Art/speed_bump.fbx using Guid(73221e76d5947284daf4e05dd4c93a76) Importer(815301076,1909f56bfc062723c751e8b465ee728b)  -> (artifact id: '59149ecff61779d81f672ccbde0a5eb2') in 0.279122 seconds
  Import took 0.284801 seconds .

========================================================================
Received Prepare
Registering precompiled user dll's ...
Registered in 0.001310 seconds.
Begin MonoManager ReloadAssembly
Native extension for LinuxStandalone target not found
Native extension for WindowsStandalone target not found
Native extension for WebGL target not found
Refreshing native plugins compatible for Editor in 0.46 ms, found 0 plugins.
Preloading 0 native plugins for Editor in 0.00 ms.
Mono: successfully reloaded assembly
- Completed reload, in  0.822 seconds
Platform modules already initialized, skipping
Shader 'Universal Render Pipeline/Particles/Lit': fallback shader 'Universal Render Pipeline/Particles/SimpleLit' not found
Refreshing native plugins compatible for Editor in 0.47 ms, found 0 plugins.
Preloading 0 native plugins for Editor in 0.00 ms.
Unloading 2689 Unused Serialized files (Serialized files now loaded: 0)
System memory in use before: 144.8 MB.
System memory in use after: 145.0 MB.

Unloading 6 unused Assets to reduce memory usage. Loaded Objects now: 3370.
Total: 1.997700 ms (FindLiveObjects: 0.259500 ms CreateObjectMapping: 0.063300 ms MarkObjects: 1.662600 ms  DeleteObjects: 0.011400 ms)

========================================================================
Received Import Request.
  Time since last request: 425.595521 seconds.
  path: Assets/Art/Models/Luka's Creations/speed_bump (1).fbx
  artifactKey: Guid(9c170df5dd8de004da8457f92b0c8c55) Importer(815301076,1909f56bfc062723c751e8b465ee728b)
Start importing Assets/Art/Models/Luka's Creations/speed_bump (1).fbx using Guid(9c170df5dd8de004da8457f92b0c8c55) Importer(815301076,1909f56bfc062723c751e8b465ee728b)  -> (artifact id: '1f219c4b60ca05c8e588178842003942') in 0.199044 seconds
  Import took 0.203807 seconds .

========================================================================
Received Prepare
Registering precompiled user dll's ...
Registered in 0.001367 seconds.
Begin MonoManager ReloadAssembly
Native extension for LinuxStandalone target not found
Native extension for WindowsStandalone target not found
Native extension for WebGL target not found
Refreshing native plugins compatible for Editor in 0.45 ms, found 0 plugins.
Preloading 0 native plugins for Editor in 0.00 ms.
Mono: successfully reloaded assembly
- Completed reload, in  0.816 seconds
Platform modules already initialized, skipping
Shader 'Universal Render Pipeline/Particles/Lit': fallback shader 'Universal Render Pipeline/Particles/SimpleLit' not found
Refreshing native plugins compatible for Editor in 0.48 ms, found 0 plugins.
Preloading 0 native plugins for Editor in 0.00 ms.
Unloading 2689 Unused Serialized files (Serialized files now loaded: 0)
System memory in use before: 145.0 MB.
System memory in use after: 145.2 MB.

Unloading 6 unused Assets to reduce memory usage. Loaded Objects now: 3409.
Total: 2.155800 ms (FindLiveObjects: 0.296500 ms CreateObjectMapping: 0.063100 ms MarkObjects: 1.780700 ms  DeleteObjects: 0.014500 ms)

========================================================================
Received Prepare
Registering precompiled user dll's ...
Registered in 0.001418 seconds.
Begin MonoManager ReloadAssembly
Native extension for LinuxStandalone target not found
Native extension for WindowsStandalone target not found
Native extension for WebGL target not found
Refreshing native plugins compatible for Editor in 0.45 ms, found 0 plugins.
Preloading 0 native plugins for Editor in 0.00 ms.
Mono: successfully reloaded assembly
- Completed reload, in  0.826 seconds
Platform modules already initialized, skipping
Shader 'Universal Render Pipeline/Particles/Lit': fallback shader 'Universal Render Pipeline/Particles/SimpleLit' not found
Refreshing native plugins compatible for Editor in 0.49 ms, found 0 plugins.
Preloading 0 native plugins for Editor in 0.00 ms.
Unloading 2689 Unused Serialized files (Serialized files now loaded: 0)
System memory in use before: 145.0 MB.
System memory in use after: 145.2 MB.

Unloading 6 unused Assets to reduce memory usage. Loaded Objects now: 3412.
Total: 2.319400 ms (FindLiveObjects: 0.300100 ms CreateObjectMapping: 0.065200 ms MarkObjects: 1.936600 ms  DeleteObjects: 0.016700 ms)

========================================================================
Received Import Request.
  Time since last request: 476.231313 seconds.
  path: Assets/Prefabs/Zombies/Original/Ragdoll.prefab
  artifactKey: Guid(c56d9494902a5c94496bf10bec41ecfb) Importer(815301076,1909f56bfc062723c751e8b465ee728b)
Start importing Assets/Prefabs/Zombies/Original/Ragdoll.prefab using Guid(c56d9494902a5c94496bf10bec41ecfb) Importer(815301076,1909f56bfc062723c751e8b465ee728b)  -> (artifact id: '017dbfa343eb86abca16660b9fdf48c4') in 0.201996 seconds
  Import took 0.207345 seconds .

========================================================================
Received Prepare
Registering precompiled user dll's ...
Registered in 0.001925 seconds.
Begin MonoManager ReloadAssembly
Native extension for LinuxStandalone target not found
Native extension for WindowsStandalone target not found
Native extension for WebGL target not found
Refreshing native plugins compatible for Editor in 0.60 ms, found 0 plugins.
Preloading 0 native plugins for Editor in 0.00 ms.
Mono: successfully reloaded assembly
- Completed reload, in  0.804 seconds
Platform modules already initialized, skipping
Shader 'Universal Render Pipeline/Particles/Lit': fallback shader 'Universal Render Pipeline/Particles/SimpleLit' not found
Refreshing native plugins compatible for Editor in 0.62 ms, found 0 plugins.
Preloading 0 native plugins for Editor in 0.00 ms.
Unloading 2689 Unused Serialized files (Serialized files now loaded: 0)
System memory in use before: 158.7 MB.
System memory in use after: 159.0 MB.

Unloading 6 unused Assets to reduce memory usage. Loaded Objects now: 3452.
Total: 2.475800 ms (FindLiveObjects: 0.324600 ms CreateObjectMapping: 0.074300 ms MarkObjects: 2.060800 ms  DeleteObjects: 0.014900 ms)

========================================================================
Received Import Request.
  Time since last request: 648.255424 seconds.
  path: Assets/Art/Animations/zombie attack.fbx
  artifactKey: Guid(98f4572ccd607154480d3b9faff9c940) Importer(815301076,1909f56bfc062723c751e8b465ee728b)
Start importing Assets/Art/Animations/zombie attack.fbx using Guid(98f4572ccd607154480d3b9faff9c940) Importer(815301076,1909f56bfc062723c751e8b465ee728b)  -> (artifact id: '7410bed3ed77f61ef9d31c0ad47c0d85') in 0.041646 seconds
  Import took 0.047000 seconds .

========================================================================
Received Import Request.
  Time since last request: 6.578880 seconds.
  path: Assets/PhysicsMat/CarChassis.physicMaterial
  artifactKey: Guid(aaa00251a3d8d234683e03947f1764cb) Importer(815301076,1909f56bfc062723c751e8b465ee728b)
Start importing Assets/PhysicsMat/CarChassis.physicMaterial using Guid(aaa00251a3d8d234683e03947f1764cb) Importer(815301076,1909f56bfc062723c751e8b465ee728b)  -> (artifact id: 'bab3a4f2f682315c6f670f2a4c201a5c') in 0.008782 seconds
  Import took 0.013126 seconds .

========================================================================
Received Import Request.
  Time since last request: 0.865756 seconds.
  path: Assets/PhysicsMat
  artifactKey: Guid(3fc5c9fd90edc4049926ceff8862f38c) Importer(815301076,1909f56bfc062723c751e8b465ee728b)
Start importing Assets/PhysicsMat using Guid(3fc5c9fd90edc4049926ceff8862f38c) Importer(815301076,1909f56bfc062723c751e8b465ee728b)  -> (artifact id: '7b7a7f7937d2a97e58275afc5b405924') in 0.006378 seconds
  Import took 0.010708 seconds .

========================================================================
Received Prepare
Registering precompiled user dll's ...
Registered in 0.001348 seconds.
Begin MonoManager ReloadAssembly
Native extension for LinuxStandalone target not found
Native extension for WindowsStandalone target not found
Native extension for WebGL target not found
Refreshing native plugins compatible for Editor in 0.47 ms, found 0 plugins.
Preloading 0 native plugins for Editor in 0.00 ms.
Mono: successfully reloaded assembly
- Completed reload, in  0.817 seconds
Platform modules already initialized, skipping
Shader 'Universal Render Pipeline/Particles/Lit': fallback shader 'Universal Render Pipeline/Particles/SimpleLit' not found
Refreshing native plugins compatible for Editor in 0.46 ms, found 0 plugins.
Preloading 0 native plugins for Editor in 0.00 ms.
Unloading 2689 Unused Serialized files (Serialized files now loaded: 0)
System memory in use before: 158.8 MB.
System memory in use after: 159.0 MB.

Unloading 6 unused Assets to reduce memory usage. Loaded Objects now: 3455.
Total: 2.392300 ms (FindLiveObjects: 0.328600 ms CreateObjectMapping: 0.074100 ms MarkObjects: 1.973300 ms  DeleteObjects: 0.015200 ms)

========================================================================
Received Import Request.
  Time since last request: 20.606690 seconds.
  path: Assets/PhysicsMat/TestCube.physicMaterial
  artifactKey: Guid(aaa00251a3d8d234683e03947f1764cb) Importer(815301076,1909f56bfc062723c751e8b465ee728b)
Start importing Assets/PhysicsMat/TestCube.physicMaterial using Guid(aaa00251a3d8d234683e03947f1764cb) Importer(815301076,1909f56bfc062723c751e8b465ee728b)  -> (artifact id: '06bc9d53b8d7ee178801f0a782d99370') in 0.027882 seconds
  Import took 0.032427 seconds .

========================================================================
Received Prepare
Registering precompiled user dll's ...
Registered in 0.001393 seconds.
Begin MonoManager ReloadAssembly
Native extension for LinuxStandalone target not found
Native extension for WindowsStandalone target not found
Native extension for WebGL target not found
Refreshing native plugins compatible for Editor in 0.50 ms, found 0 plugins.
Preloading 0 native plugins for Editor in 0.00 ms.
Mono: successfully reloaded assembly
- Completed reload, in  0.846 seconds
Platform modules already initialized, skipping
Shader 'Universal Render Pipeline/Particles/Lit': fallback shader 'Universal Render Pipeline/Particles/SimpleLit' not found
Refreshing native plugins compatible for Editor in 0.49 ms, found 0 plugins.
Preloading 0 native plugins for Editor in 0.00 ms.
Unloading 2689 Unused Serialized files (Serialized files now loaded: 0)
System memory in use before: 158.8 MB.
System memory in use after: 159.0 MB.

Unloading 6 unused Assets to reduce memory usage. Loaded Objects now: 3458.
Total: 2.462500 ms (FindLiveObjects: 0.357000 ms CreateObjectMapping: 0.066000 ms MarkObjects: 2.020600 ms  DeleteObjects: 0.018000 ms)

========================================================================
Received Prepare
Registering precompiled user dll's ...
Registered in 0.001437 seconds.
Begin MonoManager ReloadAssembly
Native extension for LinuxStandalone target not found
Native extension for WindowsStandalone target not found
Native extension for WebGL target not found
Refreshing native plugins compatible for Editor in 0.46 ms, found 0 plugins.
Preloading 0 native plugins for Editor in 0.00 ms.
Mono: successfully reloaded assembly
- Completed reload, in  0.812 seconds
Platform modules already initialized, skipping
Shader 'Universal Render Pipeline/Particles/Lit': fallback shader 'Universal Render Pipeline/Particles/SimpleLit' not found
Refreshing native plugins compatible for Editor in 0.46 ms, found 0 plugins.
Preloading 0 native plugins for Editor in 0.00 ms.
Unloading 2689 Unused Serialized files (Serialized files now loaded: 0)
System memory in use before: 158.8 MB.
System memory in use after: 159.0 MB.

Unloading 6 unused Assets to reduce memory usage. Loaded Objects now: 3461.
Total: 2.497500 ms (FindLiveObjects: 0.414500 ms CreateObjectMapping: 0.100700 ms MarkObjects: 1.967400 ms  DeleteObjects: 0.013700 ms)

========================================================================
Received Prepare
Registering precompiled user dll's ...
Registered in 0.001342 seconds.
Begin MonoManager ReloadAssembly
Native extension for LinuxStandalone target not found
Native extension for WindowsStandalone target not found
Native extension for WebGL target not found
Refreshing native plugins compatible for Editor in 0.47 ms, found 0 plugins.
Preloading 0 native plugins for Editor in 0.00 ms.
Mono: successfully reloaded assembly
- Completed reload, in  0.805 seconds
Platform modules already initialized, skipping
Shader 'Universal Render Pipeline/Particles/Lit': fallback shader 'Universal Render Pipeline/Particles/SimpleLit' not found
Refreshing native plugins compatible for Editor in 0.48 ms, found 0 plugins.
Preloading 0 native plugins for Editor in 0.00 ms.
Unloading 2689 Unused Serialized files (Serialized files now loaded: 0)
System memory in use before: 158.8 MB.
System memory in use after: 159.0 MB.

Unloading 6 unused Assets to reduce memory usage. Loaded Objects now: 3464.
Total: 2.151600 ms (FindLiveObjects: 0.312400 ms CreateObjectMapping: 0.065400 ms MarkObjects: 1.760600 ms  DeleteObjects: 0.012400 ms)

========================================================================
Received Import Request.
  Time since last request: 1158.700582 seconds.
  path: ProjectSettings/TagManager.asset
  artifactKey: Guid(00000000000000003000000000000000) Importer(815301076,1909f56bfc062723c751e8b465ee728b)
Start importing ProjectSettings/TagManager.asset using Guid(00000000000000003000000000000000) Importer(815301076,1909f56bfc062723c751e8b465ee728b)  -> (artifact id: '01cc0844bf1497e048ea6d9c0e467c68') in 0.016049 seconds
  Import took 0.020620 seconds .

========================================================================
Received Import Request.
  Time since last request: 273.159620 seconds.
  path: Assets/PhysicsMat/TestCube.physicMaterial
  artifactKey: Guid(aaa00251a3d8d234683e03947f1764cb) Importer(815301076,1909f56bfc062723c751e8b465ee728b)
Start importing Assets/PhysicsMat/TestCube.physicMaterial using Guid(aaa00251a3d8d234683e03947f1764cb) Importer(815301076,1909f56bfc062723c751e8b465ee728b)  -> (artifact id: 'aede7a0dbfb8c108b11c0bab8a0106e2') in 0.006524 seconds
  Import took 0.011003 seconds .

========================================================================
Received Prepare
Registering precompiled user dll's ...
Registered in 0.001450 seconds.
Begin MonoManager ReloadAssembly
Native extension for LinuxStandalone target not found
Native extension for WindowsStandalone target not found
Native extension for WebGL target not found
Refreshing native plugins compatible for Editor in 0.46 ms, found 0 plugins.
Preloading 0 native plugins for Editor in 0.00 ms.
Mono: successfully reloaded assembly
- Completed reload, in  0.792 seconds
Platform modules already initialized, skipping
Shader 'Universal Render Pipeline/Particles/Lit': fallback shader 'Universal Render Pipeline/Particles/SimpleLit' not found
Refreshing native plugins compatible for Editor in 0.46 ms, found 0 plugins.
Preloading 0 native plugins for Editor in 0.00 ms.
Unloading 2689 Unused Serialized files (Serialized files now loaded: 0)
System memory in use before: 158.8 MB.
System memory in use after: 159.1 MB.

Unloading 7 unused Assets to reduce memory usage. Loaded Objects now: 3467.
Total: 2.171600 ms (FindLiveObjects: 0.291200 ms CreateObjectMapping: 0.073800 ms MarkObjects: 1.791500 ms  DeleteObjects: 0.013200 ms)

========================================================================
Received Import Request.
  Time since last request: 3.193699 seconds.
  path: Assets/PhysicsMat/TestCube 1.physicMaterial
  artifactKey: Guid(2de78831606bc5f46a311e6cac89424f) Importer(815301076,1909f56bfc062723c751e8b465ee728b)
Start importing Assets/PhysicsMat/TestCube 1.physicMaterial using Guid(2de78831606bc5f46a311e6cac89424f) Importer(815301076,1909f56bfc062723c751e8b465ee728b)  -> (artifact id: '643d0cc7b8953525233d3f5ed2128443') in 0.014234 seconds
  Import took 0.018404 seconds .

========================================================================
Received Import Request.
  Time since last request: 2.962788 seconds.
  path: Assets/PhysicsMat/CarChassis.physicMaterial
  artifactKey: Guid(2de78831606bc5f46a311e6cac89424f) Importer(815301076,1909f56bfc062723c751e8b465ee728b)
Start importing Assets/PhysicsMat/CarChassis.physicMaterial using Guid(2de78831606bc5f46a311e6cac89424f) Importer(815301076,1909f56bfc062723c751e8b465ee728b)  -> (artifact id: '7d517062ee35eda78e5e21a56f6d9cdf') in 0.003490 seconds
  Import took 0.007728 seconds .

========================================================================
Received Import Request.
  Time since last request: 43.686995 seconds.
  path: ProjectSettings/TagManager.asset
  artifactKey: Guid(00000000000000003000000000000000) Importer(815301076,1909f56bfc062723c751e8b465ee728b)
Start importing ProjectSettings/TagManager.asset using Guid(00000000000000003000000000000000) Importer(815301076,1909f56bfc062723c751e8b465ee728b)  -> (artifact id: '23001c81533b4d4d38b5f56512721cf3') in 0.004092 seconds
  Import took 0.008436 seconds .

========================================================================
Received Import Request.
  Time since last request: 0.006200 seconds.
  path: ProjectSettings/TagManager.asset
  artifactKey: Guid(00000000000000003000000000000000) Importer(815301076,1909f56bfc062723c751e8b465ee728b)
Start importing ProjectSettings/TagManager.asset using Guid(00000000000000003000000000000000) Importer(815301076,1909f56bfc062723c751e8b465ee728b)  -> (artifact id: '23001c81533b4d4d38b5f56512721cf3') in 0.003326 seconds
  Import took 0.007186 seconds .

========================================================================
Received Import Request.
  Time since last request: 179.842076 seconds.
  path: Assets/Prefabs/Zombies/Original/Zombie.prefab
  artifactKey: Guid(500e0c00f1816f24b9aa1b54585723ff) Importer(815301076,1909f56bfc062723c751e8b465ee728b)
Start importing Assets/Prefabs/Zombies/Original/Zombie.prefab using Guid(500e0c00f1816f24b9aa1b54585723ff) Importer(815301076,1909f56bfc062723c751e8b465ee728b)  -> (artifact id: 'ea8f3fd540dc4898474729ecedc0692f') in 0.179448 seconds
  Import took 0.184809 seconds .

========================================================================
Received Import Request.
  Time since last request: 87.517518 seconds.
  path: Assets/Prefabs/Zombies/Original/Zombie.prefab
  artifactKey: Guid(500e0c00f1816f24b9aa1b54585723ff) Importer(815301076,1909f56bfc062723c751e8b465ee728b)
Start importing Assets/Prefabs/Zombies/Original/Zombie.prefab using Guid(500e0c00f1816f24b9aa1b54585723ff) Importer(815301076,1909f56bfc062723c751e8b465ee728b)  -> (artifact id: 'f645ed4c176ab0f91699529f499b04c7') in 0.028438 seconds
  Import took 0.033750 seconds .

========================================================================
Received Import Request.
  Time since last request: 0.000209 seconds.
  path: Assets/Prefabs/Zombies/Original/Zombie.prefab
  artifactKey: Guid(500e0c00f1816f24b9aa1b54585723ff) Importer(815301076,1909f56bfc062723c751e8b465ee728b)
Start importing Assets/Prefabs/Zombies/Original/Zombie.prefab using Guid(500e0c00f1816f24b9aa1b54585723ff) Importer(815301076,1909f56bfc062723c751e8b465ee728b)  -> (artifact id: 'f645ed4c176ab0f91699529f499b04c7') in 0.021624 seconds
  Import took 0.026051 seconds .

========================================================================
Received Prepare
Registering precompiled user dll's ...
Registered in 0.001803 seconds.
Begin MonoManager ReloadAssembly
Native extension for LinuxStandalone target not found
Native extension for WindowsStandalone target not found
Native extension for WebGL target not found
Refreshing native plugins compatible for Editor in 0.46 ms, found 0 plugins.
Preloading 0 native plugins for Editor in 0.00 ms.
Mono: successfully reloaded assembly
- Completed reload, in  0.818 seconds
Platform modules already initialized, skipping
Shader 'Universal Render Pipeline/Particles/Lit': fallback shader 'Universal Render Pipeline/Particles/SimpleLit' not found
Refreshing native plugins compatible for Editor in 0.46 ms, found 0 plugins.
Preloading 0 native plugins for Editor in 0.00 ms.
Unloading 2689 Unused Serialized files (Serialized files now loaded: 0)
System memory in use before: 159.0 MB.
System memory in use after: 159.3 MB.

Unloading 8 unused Assets to reduce memory usage. Loaded Objects now: 3506.
Total: 2.165200 ms (FindLiveObjects: 0.269900 ms CreateObjectMapping: 0.064600 ms MarkObjects: 1.816700 ms  DeleteObjects: 0.013100 ms)

========================================================================
Received Import Request.
  Time since last request: 317.796739 seconds.
  path: Assets/Prefabs/Zombies/Original/Zombie.prefab
  artifactKey: Guid(500e0c00f1816f24b9aa1b54585723ff) Importer(815301076,1909f56bfc062723c751e8b465ee728b)
Start importing Assets/Prefabs/Zombies/Original/Zombie.prefab using Guid(500e0c00f1816f24b9aa1b54585723ff) Importer(815301076,1909f56bfc062723c751e8b465ee728b)  -> (artifact id: '3c29aebcd3fd8009b5ea9e51c50bbf89') in 0.164076 seconds
  Import took 0.169971 seconds .

========================================================================
Received Import Request.
  Time since last request: 34.985334 seconds.
  path: Assets/PhysicsMat/CarChassis 1.physicMaterial
  artifactKey: Guid(d6e04393c35201d43a3172969e601c1a) Importer(815301076,1909f56bfc062723c751e8b465ee728b)
Start importing Assets/PhysicsMat/CarChassis 1.physicMaterial using Guid(d6e04393c35201d43a3172969e601c1a) Importer(815301076,1909f56bfc062723c751e8b465ee728b)  -> (artifact id: '7a69667a1700850c13a482c0559b4a00') in 0.007178 seconds
  Import took 0.011775 seconds .

========================================================================
Received Import Request.
  Time since last request: 0.000446 seconds.
  path: Assets/PhysicsMat/CarChassis 1.physicMaterial
  artifactKey: Guid(d6e04393c35201d43a3172969e601c1a) Importer(815301076,1909f56bfc062723c751e8b465ee728b)
Start importing Assets/PhysicsMat/CarChassis 1.physicMaterial using Guid(d6e04393c35201d43a3172969e601c1a) Importer(815301076,1909f56bfc062723c751e8b465ee728b)  -> (artifact id: '7a69667a1700850c13a482c0559b4a00') in 0.003340 seconds
  Import took 0.006859 seconds .

========================================================================
Received Import Request.
  Time since last request: 0.813646 seconds.
  path: Assets/PhysicsMat/CarChassis.physicMaterial
  artifactKey: Guid(2de78831606bc5f46a311e6cac89424f) Importer(815301076,1909f56bfc062723c751e8b465ee728b)
Start importing Assets/PhysicsMat/CarChassis.physicMaterial using Guid(2de78831606bc5f46a311e6cac89424f) Importer(815301076,1909f56bfc062723c751e8b465ee728b)  -> (artifact id: '6648b3ad9602a465b20ca4f519588683') in 0.003609 seconds
  Import took 0.007874 seconds .

========================================================================
Received Import Request.
  Time since last request: 6.310871 seconds.
  path: Assets/PhysicsMat/ZombieRagdoll.physicMaterial
  artifactKey: Guid(d6e04393c35201d43a3172969e601c1a) Importer(815301076,1909f56bfc062723c751e8b465ee728b)
Start importing Assets/PhysicsMat/ZombieRagdoll.physicMaterial using Guid(d6e04393c35201d43a3172969e601c1a) Importer(815301076,1909f56bfc062723c751e8b465ee728b)  -> (artifact id: '774c195405b83bd9ce8e3bad2d94ec53') in 0.007065 seconds
  Import took 0.011299 seconds .

========================================================================
Received Prepare
Registering precompiled user dll's ...
Registered in 0.001383 seconds.
Begin MonoManager ReloadAssembly
Native extension for LinuxStandalone target not found
Native extension for WindowsStandalone target not found
Native extension for WebGL target not found
Refreshing native plugins compatible for Editor in 0.47 ms, found 0 plugins.
Preloading 0 native plugins for Editor in 0.00 ms.
Mono: successfully reloaded assembly
- Completed reload, in  0.812 seconds
Platform modules already initialized, skipping
Shader 'Universal Render Pipeline/Particles/Lit': fallback shader 'Universal Render Pipeline/Particles/SimpleLit' not found
Refreshing native plugins compatible for Editor in 0.47 ms, found 0 plugins.
Preloading 0 native plugins for Editor in 0.00 ms.
Unloading 2689 Unused Serialized files (Serialized files now loaded: 0)
System memory in use before: 159.1 MB.
System memory in use after: 159.4 MB.

Unloading 6 unused Assets to reduce memory usage. Loaded Objects now: 3545.
Total: 2.235100 ms (FindLiveObjects: 0.318100 ms CreateObjectMapping: 0.065500 ms MarkObjects: 1.837100 ms  DeleteObjects: 0.012500 ms)

========================================================================
Received Import Request.
  Time since last request: 587.570838 seconds.
  path: Assets/Prefabs/Zombies/Original/Zombie.prefab
  artifactKey: Guid(500e0c00f1816f24b9aa1b54585723ff) Importer(815301076,1909f56bfc062723c751e8b465ee728b)
Start importing Assets/Prefabs/Zombies/Original/Zombie.prefab using Guid(500e0c00f1816f24b9aa1b54585723ff) Importer(815301076,1909f56bfc062723c751e8b465ee728b)  -> (artifact id: '02cb14a3567a8840cbd904d183aafda1') in 0.157738 seconds
  Import took 0.163017 seconds .

========================================================================
Received Import Request.
  Time since last request: 27.155543 seconds.
  path: Assets/Prefabs/Zombies/Original/Zombie.prefab
  artifactKey: Guid(500e0c00f1816f24b9aa1b54585723ff) Importer(815301076,1909f56bfc062723c751e8b465ee728b)
Start importing Assets/Prefabs/Zombies/Original/Zombie.prefab using Guid(500e0c00f1816f24b9aa1b54585723ff) Importer(815301076,1909f56bfc062723c751e8b465ee728b)  -> (artifact id: 'ef18d4def9a2f4d063a2a878cebd5460') in 0.022839 seconds
  Import took 0.027754 seconds .

========================================================================
Received Prepare
Registering precompiled user dll's ...
Registered in 0.001339 seconds.
Begin MonoManager ReloadAssembly
Native extension for LinuxStandalone target not found
Native extension for WindowsStandalone target not found
Native extension for WebGL target not found
Refreshing native plugins compatible for Editor in 0.47 ms, found 0 plugins.
Preloading 0 native plugins for Editor in 0.00 ms.
Mono: successfully reloaded assembly
- Completed reload, in  0.820 seconds
Platform modules already initialized, skipping
Shader 'Universal Render Pipeline/Particles/Lit': fallback shader 'Universal Render Pipeline/Particles/SimpleLit' not found
Refreshing native plugins compatible for Editor in 0.46 ms, found 0 plugins.
Preloading 0 native plugins for Editor in 0.00 ms.
Unloading 2689 Unused Serialized files (Serialized files now loaded: 0)
System memory in use before: 159.3 MB.
System memory in use after: 159.6 MB.

Unloading 6 unused Assets to reduce memory usage. Loaded Objects now: 3584.
Total: 2.253900 ms (FindLiveObjects: 0.286600 ms CreateObjectMapping: 0.064500 ms MarkObjects: 1.890200 ms  DeleteObjects: 0.012000 ms)

========================================================================
Received Prepare
Registering precompiled user dll's ...
Registered in 0.001327 seconds.
Begin MonoManager ReloadAssembly
Native extension for LinuxStandalone target not found
Native extension for WindowsStandalone target not found
Native extension for WebGL target not found
Refreshing native plugins compatible for Editor in 0.47 ms, found 0 plugins.
Preloading 0 native plugins for Editor in 0.00 ms.
Mono: successfully reloaded assembly
- Completed reload, in  0.826 seconds
Platform modules already initialized, skipping
Shader 'Universal Render Pipeline/Particles/Lit': fallback shader 'Universal Render Pipeline/Particles/SimpleLit' not found
Refreshing native plugins compatible for Editor in 0.45 ms, found 0 plugins.
Preloading 0 native plugins for Editor in 0.00 ms.
Unloading 2689 Unused Serialized files (Serialized files now loaded: 0)
System memory in use before: 159.3 MB.
System memory in use after: 159.6 MB.

Unloading 6 unused Assets to reduce memory usage. Loaded Objects now: 3587.
Total: 2.689700 ms (FindLiveObjects: 0.338600 ms CreateObjectMapping: 0.072200 ms MarkObjects: 2.264300 ms  DeleteObjects: 0.013400 ms)

========================================================================
Received Import Request.
  Time since last request: 844.527124 seconds.
  path: Assets/Prefabs/Zombies/Original/Zombie.prefab
  artifactKey: Guid(500e0c00f1816f24b9aa1b54585723ff) Importer(815301076,1909f56bfc062723c751e8b465ee728b)
Start importing Assets/Prefabs/Zombies/Original/Zombie.prefab using Guid(500e0c00f1816f24b9aa1b54585723ff) Importer(815301076,1909f56bfc062723c751e8b465ee728b)  -> (artifact id: 'babf17a75a5724df56151628cdfa7923') in 0.155153 seconds
  Import took 0.160511 seconds .

========================================================================
Received Prepare
Registering precompiled user dll's ...
Registered in 0.001398 seconds.
Begin MonoManager ReloadAssembly
Native extension for LinuxStandalone target not found
Native extension for WindowsStandalone target not found
Native extension for WebGL target not found
Refreshing native plugins compatible for Editor in 0.45 ms, found 0 plugins.
Preloading 0 native plugins for Editor in 0.00 ms.
Mono: successfully reloaded assembly
- Completed reload, in  0.804 seconds
Platform modules already initialized, skipping
Shader 'Universal Render Pipeline/Particles/Lit': fallback shader 'Universal Render Pipeline/Particles/SimpleLit' not found
Refreshing native plugins compatible for Editor in 0.46 ms, found 0 plugins.
Preloading 0 native plugins for Editor in 0.00 ms.
Unloading 2689 Unused Serialized files (Serialized files now loaded: 0)
System memory in use before: 159.5 MB.
System memory in use after: 159.7 MB.

Unloading 6 unused Assets to reduce memory usage. Loaded Objects now: 3626.
Total: 2.283300 ms (FindLiveObjects: 0.296800 ms CreateObjectMapping: 0.065400 ms MarkObjects: 1.908000 ms  DeleteObjects: 0.012100 ms)

========================================================================
Received Prepare
Registering precompiled user dll's ...
Registered in 0.001427 seconds.
Begin MonoManager ReloadAssembly
Native extension for LinuxStandalone target not found
Native extension for WindowsStandalone target not found
Native extension for WebGL target not found
Refreshing native plugins compatible for Editor in 0.49 ms, found 0 plugins.
Preloading 0 native plugins for Editor in 0.00 ms.
Mono: successfully reloaded assembly
- Completed reload, in  0.816 seconds
Platform modules already initialized, skipping
Shader 'Universal Render Pipeline/Particles/Lit': fallback shader 'Universal Render Pipeline/Particles/SimpleLit' not found
Refreshing native plugins compatible for Editor in 0.47 ms, found 0 plugins.
Preloading 0 native plugins for Editor in 0.00 ms.
Unloading 2689 Unused Serialized files (Serialized files now loaded: 0)
System memory in use before: 159.5 MB.
System memory in use after: 159.7 MB.

Unloading 6 unused Assets to reduce memory usage. Loaded Objects now: 3629.
Total: 2.380100 ms (FindLiveObjects: 0.336500 ms CreateObjectMapping: 0.079200 ms MarkObjects: 1.951400 ms  DeleteObjects: 0.012200 ms)

========================================================================
Received Prepare
Registering precompiled user dll's ...
Registered in 0.001383 seconds.
Begin MonoManager ReloadAssembly
Native extension for LinuxStandalone target not found
Native extension for WindowsStandalone target not found
Native extension for WebGL target not found
Refreshing native plugins compatible for Editor in 0.48 ms, found 0 plugins.
Preloading 0 native plugins for Editor in 0.00 ms.
Mono: successfully reloaded assembly
- Completed reload, in  0.845 seconds
Platform modules already initialized, skipping
Shader 'Universal Render Pipeline/Particles/Lit': fallback shader 'Universal Render Pipeline/Particles/SimpleLit' not found
Refreshing native plugins compatible for Editor in 0.51 ms, found 0 plugins.
Preloading 0 native plugins for Editor in 0.00 ms.
Unloading 2689 Unused Serialized files (Serialized files now loaded: 0)
System memory in use before: 159.5 MB.
System memory in use after: 159.7 MB.

Unloading 6 unused Assets to reduce memory usage. Loaded Objects now: 3632.
Total: 2.279800 ms (FindLiveObjects: 0.308100 ms CreateObjectMapping: 0.065500 ms MarkObjects: 1.892600 ms  DeleteObjects: 0.012800 ms)

========================================================================
Received Prepare
Registering precompiled user dll's ...
Registered in 0.001360 seconds.
Begin MonoManager ReloadAssembly
Native extension for LinuxStandalone target not found
Native extension for WindowsStandalone target not found
Native extension for WebGL target not found
Refreshing native plugins compatible for Editor in 0.47 ms, found 0 plugins.
Preloading 0 native plugins for Editor in 0.00 ms.
Mono: successfully reloaded assembly
- Completed reload, in  0.833 seconds
Platform modules already initialized, skipping
Shader 'Universal Render Pipeline/Particles/Lit': fallback shader 'Universal Render Pipeline/Particles/SimpleLit' not found
Refreshing native plugins compatible for Editor in 0.47 ms, found 0 plugins.
Preloading 0 native plugins for Editor in 0.00 ms.
Unloading 2689 Unused Serialized files (Serialized files now loaded: 0)
System memory in use before: 159.5 MB.
System memory in use after: 159.7 MB.

Unloading 6 unused Assets to reduce memory usage. Loaded Objects now: 3635.
Total: 2.539000 ms (FindLiveObjects: 0.322500 ms CreateObjectMapping: 0.065800 ms MarkObjects: 2.134600 ms  DeleteObjects: 0.015000 ms)

========================================================================
Received Prepare
Registering precompiled user dll's ...
Registered in 0.001362 seconds.
Begin MonoManager ReloadAssembly
Native extension for LinuxStandalone target not found
Native extension for WindowsStandalone target not found
Native extension for WebGL target not found
Refreshing native plugins compatible for Editor in 0.45 ms, found 0 plugins.
Preloading 0 native plugins for Editor in 0.00 ms.
Mono: successfully reloaded assembly
- Completed reload, in  0.798 seconds
Platform modules already initialized, skipping
Shader 'Universal Render Pipeline/Particles/Lit': fallback shader 'Universal Render Pipeline/Particles/SimpleLit' not found
Refreshing native plugins compatible for Editor in 0.47 ms, found 0 plugins.
Preloading 0 native plugins for Editor in 0.00 ms.
Unloading 2689 Unused Serialized files (Serialized files now loaded: 0)
System memory in use before: 159.5 MB.
System memory in use after: 159.7 MB.

Unloading 6 unused Assets to reduce memory usage. Loaded Objects now: 3638.
Total: 2.318400 ms (FindLiveObjects: 0.330200 ms CreateObjectMapping: 0.081400 ms MarkObjects: 1.892200 ms  DeleteObjects: 0.013300 ms)

========================================================================
Received Import Request.
  Time since last request: 842.766547 seconds.
  path: Assets/Prefabs/Zombies/Original/Zombie.prefab
  artifactKey: Guid(500e0c00f1816f24b9aa1b54585723ff) Importer(815301076,1909f56bfc062723c751e8b465ee728b)
Start importing Assets/Prefabs/Zombies/Original/Zombie.prefab using Guid(500e0c00f1816f24b9aa1b54585723ff) Importer(815301076,1909f56bfc062723c751e8b465ee728b)  -> (artifact id: 'd205cd8e878ca77ae24ff6a592b63b33') in 0.150584 seconds
  Import took 0.155917 seconds .

========================================================================
Received Prepare
Registering precompiled user dll's ...
Registered in 0.001319 seconds.
Begin MonoManager ReloadAssembly
Native extension for LinuxStandalone target not found
Native extension for WindowsStandalone target not found
Native extension for WebGL target not found
Refreshing native plugins compatible for Editor in 0.57 ms, found 0 plugins.
Preloading 0 native plugins for Editor in 0.00 ms.
Mono: successfully reloaded assembly
- Completed reload, in  0.894 seconds
Platform modules already initialized, skipping
Shader 'Universal Render Pipeline/Particles/Lit': fallback shader 'Universal Render Pipeline/Particles/SimpleLit' not found
Refreshing native plugins compatible for Editor in 0.49 ms, found 0 plugins.
Preloading 0 native plugins for Editor in 0.00 ms.
Unloading 2689 Unused Serialized files (Serialized files now loaded: 0)
System memory in use before: 159.6 MB.
System memory in use after: 159.8 MB.

Unloading 6 unused Assets to reduce memory usage. Loaded Objects now: 3677.
Total: 2.509900 ms (FindLiveObjects: 0.443800 ms CreateObjectMapping: 0.066900 ms MarkObjects: 1.984000 ms  DeleteObjects: 0.013800 ms)

========================================================================
Received Import Request.
  Time since last request: 89.026126 seconds.
  path: Assets/Prefabs/Zombies/Original/Zombie.prefab
  artifactKey: Guid(500e0c00f1816f24b9aa1b54585723ff) Importer(815301076,1909f56bfc062723c751e8b465ee728b)
Start importing Assets/Prefabs/Zombies/Original/Zombie.prefab using Guid(500e0c00f1816f24b9aa1b54585723ff) Importer(815301076,1909f56bfc062723c751e8b465ee728b)  -> (artifact id: '5b584a44c7ea358fba803b193763ee4d') in 0.159322 seconds
  Import took 0.165227 seconds .

========================================================================
Received Import Request.
  Time since last request: 10.183704 seconds.
  path: Assets/Prefabs/Zombies/Original/Zombie.prefab
  artifactKey: Guid(500e0c00f1816f24b9aa1b54585723ff) Importer(815301076,1909f56bfc062723c751e8b465ee728b)
Start importing Assets/Prefabs/Zombies/Original/Zombie.prefab using Guid(500e0c00f1816f24b9aa1b54585723ff) Importer(815301076,1909f56bfc062723c751e8b465ee728b)  -> (artifact id: '341dd41a50a984cdb5a9b248d24d40b3') in 0.023031 seconds
  Import took 0.027857 seconds .

========================================================================
Received Prepare
Registering precompiled user dll's ...
Registered in 0.001487 seconds.
Begin MonoManager ReloadAssembly
Native extension for LinuxStandalone target not found
Native extension for WindowsStandalone target not found
Native extension for WebGL target not found
Refreshing native plugins compatible for Editor in 0.46 ms, found 0 plugins.
Preloading 0 native plugins for Editor in 0.00 ms.
Mono: successfully reloaded assembly
- Completed reload, in  0.800 seconds
Platform modules already initialized, skipping
Shader 'Universal Render Pipeline/Particles/Lit': fallback shader 'Universal Render Pipeline/Particles/SimpleLit' not found
Refreshing native plugins compatible for Editor in 0.48 ms, found 0 plugins.
Preloading 0 native plugins for Editor in 0.00 ms.
Unloading 2689 Unused Serialized files (Serialized files now loaded: 0)
System memory in use before: 159.7 MB.
System memory in use after: 160.0 MB.

Unloading 6 unused Assets to reduce memory usage. Loaded Objects now: 3716.
Total: 2.498100 ms (FindLiveObjects: 0.321700 ms CreateObjectMapping: 0.069400 ms MarkObjects: 2.091100 ms  DeleteObjects: 0.014800 ms)

========================================================================
Received Import Request.
  Time since last request: 60.206942 seconds.
  path: Assets/Prefabs/Zombies/Original/Zombie.prefab
  artifactKey: Guid(500e0c00f1816f24b9aa1b54585723ff) Importer(815301076,1909f56bfc062723c751e8b465ee728b)
Start importing Assets/Prefabs/Zombies/Original/Zombie.prefab using Guid(500e0c00f1816f24b9aa1b54585723ff) Importer(815301076,1909f56bfc062723c751e8b465ee728b)  -> (artifact id: 'c0385436e4d052389750f685d09592ad') in 0.156394 seconds
  Import took 0.161760 seconds .

========================================================================
Received Prepare
Registering precompiled user dll's ...
Registered in 0.001374 seconds.
Begin MonoManager ReloadAssembly
Native extension for LinuxStandalone target not found
Native extension for WindowsStandalone target not found
Native extension for WebGL target not found
Refreshing native plugins compatible for Editor in 0.47 ms, found 0 plugins.
Preloading 0 native plugins for Editor in 0.00 ms.
Mono: successfully reloaded assembly
- Completed reload, in  0.804 seconds
Platform modules already initialized, skipping
Shader 'Universal Render Pipeline/Particles/Lit': fallback shader 'Universal Render Pipeline/Particles/SimpleLit' not found
Refreshing native plugins compatible for Editor in 0.47 ms, found 0 plugins.
Preloading 0 native plugins for Editor in 0.00 ms.
Unloading 2689 Unused Serialized files (Serialized files now loaded: 0)
System memory in use before: 159.8 MB.
System memory in use after: 160.1 MB.

Unloading 6 unused Assets to reduce memory usage. Loaded Objects now: 3755.
Total: 2.794400 ms (FindLiveObjects: 0.352700 ms CreateObjectMapping: 0.066000 ms MarkObjects: 2.355500 ms  DeleteObjects: 0.018400 ms)

========================================================================
Received Prepare
Registering precompiled user dll's ...
Registered in 0.001331 seconds.
Begin MonoManager ReloadAssembly
Native extension for LinuxStandalone target not found
Native extension for WindowsStandalone target not found
Native extension for WebGL target not found
Refreshing native plugins compatible for Editor in 0.50 ms, found 0 plugins.
Preloading 0 native plugins for Editor in 0.00 ms.
Mono: successfully reloaded assembly
- Completed reload, in  0.786 seconds
Platform modules already initialized, skipping
Shader 'Universal Render Pipeline/Particles/Lit': fallback shader 'Universal Render Pipeline/Particles/SimpleLit' not found
Refreshing native plugins compatible for Editor in 0.47 ms, found 0 plugins.
Preloading 0 native plugins for Editor in 0.00 ms.
Unloading 2689 Unused Serialized files (Serialized files now loaded: 0)
System memory in use before: 159.9 MB.
System memory in use after: 160.1 MB.

Unloading 6 unused Assets to reduce memory usage. Loaded Objects now: 3758.
Total: 2.706200 ms (FindLiveObjects: 0.327600 ms CreateObjectMapping: 0.073400 ms MarkObjects: 2.283100 ms  DeleteObjects: 0.021100 ms)

========================================================================
Received Prepare
Registering precompiled user dll's ...
Registered in 0.001348 seconds.
Begin MonoManager ReloadAssembly
Native extension for LinuxStandalone target not found
Native extension for WindowsStandalone target not found
Native extension for WebGL target not found
Refreshing native plugins compatible for Editor in 0.46 ms, found 0 plugins.
Preloading 0 native plugins for Editor in 0.00 ms.
Mono: successfully reloaded assembly
- Completed reload, in  0.782 seconds
Platform modules already initialized, skipping
Shader 'Universal Render Pipeline/Particles/Lit': fallback shader 'Universal Render Pipeline/Particles/SimpleLit' not found
Refreshing native plugins compatible for Editor in 0.46 ms, found 0 plugins.
Preloading 0 native plugins for Editor in 0.00 ms.
Unloading 2689 Unused Serialized files (Serialized files now loaded: 0)
System memory in use before: 159.9 MB.
System memory in use after: 160.1 MB.

Unloading 6 unused Assets to reduce memory usage. Loaded Objects now: 3761.
Total: 2.304500 ms (FindLiveObjects: 0.315600 ms CreateObjectMapping: 0.067300 ms MarkObjects: 1.908100 ms  DeleteObjects: 0.012500 ms)

========================================================================
Received Prepare
Registering precompiled user dll's ...
Registered in 0.001287 seconds.
Begin MonoManager ReloadAssembly
Native extension for LinuxStandalone target not found
Native extension for WindowsStandalone target not found
Native extension for WebGL target not found
Refreshing native plugins compatible for Editor in 0.47 ms, found 0 plugins.
Preloading 0 native plugins for Editor in 0.00 ms.
Mono: successfully reloaded assembly
- Completed reload, in  0.788 seconds
Platform modules already initialized, skipping
Shader 'Universal Render Pipeline/Particles/Lit': fallback shader 'Universal Render Pipeline/Particles/SimpleLit' not found
Refreshing native plugins compatible for Editor in 0.45 ms, found 0 plugins.
Preloading 0 native plugins for Editor in 0.00 ms.
Unloading 2689 Unused Serialized files (Serialized files now loaded: 0)
System memory in use before: 159.9 MB.
System memory in use after: 160.1 MB.

Unloading 6 unused Assets to reduce memory usage. Loaded Objects now: 3764.
Total: 2.353700 ms (FindLiveObjects: 0.308800 ms CreateObjectMapping: 0.069300 ms MarkObjects: 1.961900 ms  DeleteObjects: 0.012800 ms)

========================================================================
Received Import Request.
  Time since last request: 207.219234 seconds.
  path: Assets/Prefabs/Zombies/Original/Zombie.prefab
  artifactKey: Guid(500e0c00f1816f24b9aa1b54585723ff) Importer(815301076,1909f56bfc062723c751e8b465ee728b)
Start importing Assets/Prefabs/Zombies/Original/Zombie.prefab using Guid(500e0c00f1816f24b9aa1b54585723ff) Importer(815301076,1909f56bfc062723c751e8b465ee728b)  -> (artifact id: '7bf69d9a4230d763b80ca8095ff6e302') in 0.146414 seconds
  Import took 0.151814 seconds .

========================================================================
Received Import Request.
  Time since last request: 6.890527 seconds.
  path: Assets/Prefabs/Zombies/Original/Zombie.prefab
  artifactKey: Guid(500e0c00f1816f24b9aa1b54585723ff) Importer(815301076,1909f56bfc062723c751e8b465ee728b)
Start importing Assets/Prefabs/Zombies/Original/Zombie.prefab using Guid(500e0c00f1816f24b9aa1b54585723ff) Importer(815301076,1909f56bfc062723c751e8b465ee728b)  -> (artifact id: '49b4c4b3ba744260d71befdf0144a2cf') in 0.022770 seconds
  Import took 0.028228 seconds .

========================================================================
Received Prepare
Registering precompiled user dll's ...
Registered in 0.001378 seconds.
Begin MonoManager ReloadAssembly
Native extension for LinuxStandalone target not found
Native extension for WindowsStandalone target not found
Native extension for WebGL target not found
Refreshing native plugins compatible for Editor in 0.45 ms, found 0 plugins.
Preloading 0 native plugins for Editor in 0.00 ms.
Mono: successfully reloaded assembly
- Completed reload, in  0.802 seconds
Platform modules already initialized, skipping
Shader 'Universal Render Pipeline/Particles/Lit': fallback shader 'Universal Render Pipeline/Particles/SimpleLit' not found
Refreshing native plugins compatible for Editor in 0.51 ms, found 0 plugins.
Preloading 0 native plugins for Editor in 0.00 ms.
Unloading 2689 Unused Serialized files (Serialized files now loaded: 0)
System memory in use before: 160.0 MB.
System memory in use after: 160.2 MB.

Unloading 6 unused Assets to reduce memory usage. Loaded Objects now: 3803.
Total: 2.450600 ms (FindLiveObjects: 0.341900 ms CreateObjectMapping: 0.068000 ms MarkObjects: 2.027900 ms  DeleteObjects: 0.011800 ms)

========================================================================
Received Prepare
Registering precompiled user dll's ...
Registered in 0.001264 seconds.
Begin MonoManager ReloadAssembly
Native extension for LinuxStandalone target not found
Native extension for WindowsStandalone target not found
Native extension for WebGL target not found
Refreshing native plugins compatible for Editor in 0.45 ms, found 0 plugins.
Preloading 0 native plugins for Editor in 0.00 ms.
Mono: successfully reloaded assembly
- Completed reload, in  0.787 seconds
Platform modules already initialized, skipping
Shader 'Universal Render Pipeline/Particles/Lit': fallback shader 'Universal Render Pipeline/Particles/SimpleLit' not found
Refreshing native plugins compatible for Editor in 0.49 ms, found 0 plugins.
Preloading 0 native plugins for Editor in 0.00 ms.
Unloading 2689 Unused Serialized files (Serialized files now loaded: 0)
System memory in use before: 160.0 MB.
System memory in use after: 160.3 MB.

Unloading 6 unused Assets to reduce memory usage. Loaded Objects now: 3806.
Total: 2.462700 ms (FindLiveObjects: 0.316200 ms CreateObjectMapping: 0.076300 ms MarkObjects: 2.055100 ms  DeleteObjects: 0.014400 ms)

========================================================================
Received Import Request.
  Time since last request: 100.735648 seconds.
  path: Assets/PhysicsMat/ZombieRagdoll 1.physicMaterial
  artifactKey: Guid(8dcde1ce40ca34c49bea42d5dd933b1f) Importer(815301076,1909f56bfc062723c751e8b465ee728b)
Start importing Assets/PhysicsMat/ZombieRagdoll 1.physicMaterial using Guid(8dcde1ce40ca34c49bea42d5dd933b1f) Importer(815301076,1909f56bfc062723c751e8b465ee728b)  -> (artifact id: 'c5af6f0d670f1794919075629c13d911') in 0.015776 seconds
  Import took 0.020286 seconds .

========================================================================
Received Import Request.
  Time since last request: 0.961173 seconds.
  path: Assets/PhysicsMat/ZombieRagdoll.physicMaterial
  artifactKey: Guid(d6e04393c35201d43a3172969e601c1a) Importer(815301076,1909f56bfc062723c751e8b465ee728b)
Start importing Assets/PhysicsMat/ZombieRagdoll.physicMaterial using Guid(d6e04393c35201d43a3172969e601c1a) Importer(815301076,1909f56bfc062723c751e8b465ee728b)  -> (artifact id: '20b3e5fb18888f67d1a1b6d17da76aea') in 0.007405 seconds
  Import took 0.011810 seconds .

========================================================================
Received Import Request.
  Time since last request: 5.369365 seconds.
  path: Assets/PhysicsMat/ZombieAnimated.physicMaterial
  artifactKey: Guid(8dcde1ce40ca34c49bea42d5dd933b1f) Importer(815301076,1909f56bfc062723c751e8b465ee728b)
Start importing Assets/PhysicsMat/ZombieAnimated.physicMaterial using Guid(8dcde1ce40ca34c49bea42d5dd933b1f) Importer(815301076,1909f56bfc062723c751e8b465ee728b)  -> (artifact id: '5ccb4aee280b0e518a70fd94eade4c81') in 0.007119 seconds
  Import took 0.011312 seconds .

========================================================================
Received Import Request.
  Time since last request: 33.176574 seconds.
  path: Assets/Prefabs/Zombies/Original/Zombie.prefab
  artifactKey: Guid(500e0c00f1816f24b9aa1b54585723ff) Importer(815301076,1909f56bfc062723c751e8b465ee728b)
Start importing Assets/Prefabs/Zombies/Original/Zombie.prefab using Guid(500e0c00f1816f24b9aa1b54585723ff) Importer(815301076,1909f56bfc062723c751e8b465ee728b)  -> (artifact id: '7c638a38ffa3b7a2e72aa4fa2227940d') in 0.136724 seconds
  Import took 0.141928 seconds .

========================================================================
Received Prepare
Registering precompiled user dll's ...
Registered in 0.001387 seconds.
Begin MonoManager ReloadAssembly
Native extension for LinuxStandalone target not found
Native extension for WindowsStandalone target not found
Native extension for WebGL target not found
Refreshing native plugins compatible for Editor in 0.51 ms, found 0 plugins.
Preloading 0 native plugins for Editor in 0.00 ms.
Mono: successfully reloaded assembly
- Completed reload, in  0.899 seconds
Platform modules already initialized, skipping
Shader 'Universal Render Pipeline/Particles/Lit': fallback shader 'Universal Render Pipeline/Particles/SimpleLit' not found
Refreshing native plugins compatible for Editor in 0.56 ms, found 0 plugins.
Preloading 0 native plugins for Editor in 0.00 ms.
Unloading 2689 Unused Serialized files (Serialized files now loaded: 0)
System memory in use before: 160.2 MB.
System memory in use after: 160.5 MB.

Unloading 6 unused Assets to reduce memory usage. Loaded Objects now: 3845.
Total: 2.518100 ms (FindLiveObjects: 0.343800 ms CreateObjectMapping: 0.072800 ms MarkObjects: 2.086500 ms  DeleteObjects: 0.014400 ms)

========================================================================
Received Import Request.
  Time since last request: 28.176949 seconds.
  path: Assets/Prefabs/Zombies/Original/Zombie.prefab
  artifactKey: Guid(500e0c00f1816f24b9aa1b54585723ff) Importer(815301076,1909f56bfc062723c751e8b465ee728b)
Start importing Assets/Prefabs/Zombies/Original/Zombie.prefab using Guid(500e0c00f1816f24b9aa1b54585723ff) Importer(815301076,1909f56bfc062723c751e8b465ee728b)  -> (artifact id: 'dc360a76e27872984cc042c18efccdd9') in 0.166817 seconds
  Import took 0.172286 seconds .

========================================================================
Received Prepare
Registering precompiled user dll's ...
Registered in 0.001543 seconds.
Begin MonoManager ReloadAssembly
Native extension for LinuxStandalone target not found
Native extension for WindowsStandalone target not found
Native extension for WebGL target not found
Refreshing native plugins compatible for Editor in 0.47 ms, found 0 plugins.
Preloading 0 native plugins for Editor in 0.00 ms.
Mono: successfully reloaded assembly
- Completed reload, in  0.797 seconds
Platform modules already initialized, skipping
Shader 'Universal Render Pipeline/Particles/Lit': fallback shader 'Universal Render Pipeline/Particles/SimpleLit' not found
Refreshing native plugins compatible for Editor in 0.47 ms, found 0 plugins.
Preloading 0 native plugins for Editor in 0.00 ms.
Unloading 2689 Unused Serialized files (Serialized files now loaded: 0)
System memory in use before: 160.4 MB.
System memory in use after: 160.6 MB.

Unloading 6 unused Assets to reduce memory usage. Loaded Objects now: 3884.
Total: 2.499200 ms (FindLiveObjects: 0.347800 ms CreateObjectMapping: 0.080000 ms MarkObjects: 2.057600 ms  DeleteObjects: 0.012800 ms)

========================================================================
Received Import Request.
  Time since last request: 198.156101 seconds.
  path: Assets/Prefabs/Zombies/Original/Zombie.prefab
  artifactKey: Guid(500e0c00f1816f24b9aa1b54585723ff) Importer(815301076,1909f56bfc062723c751e8b465ee728b)
Start importing Assets/Prefabs/Zombies/Original/Zombie.prefab using Guid(500e0c00f1816f24b9aa1b54585723ff) Importer(815301076,1909f56bfc062723c751e8b465ee728b)  -> (artifact id: '54734d60b1b40977c7e3562d5e95fe9f') in 0.156626 seconds
  Import took 0.162035 seconds .

========================================================================
Received Prepare
Registering precompiled user dll's ...
Registered in 0.001394 seconds.
Begin MonoManager ReloadAssembly
Native extension for LinuxStandalone target not found
Native extension for WindowsStandalone target not found
Native extension for WebGL target not found
Refreshing native plugins compatible for Editor in 0.46 ms, found 0 plugins.
Preloading 0 native plugins for Editor in 0.00 ms.
Mono: successfully reloaded assembly
- Completed reload, in  0.802 seconds
Platform modules already initialized, skipping
Shader 'Universal Render Pipeline/Particles/Lit': fallback shader 'Universal Render Pipeline/Particles/SimpleLit' not found
Refreshing native plugins compatible for Editor in 0.46 ms, found 0 plugins.
Preloading 0 native plugins for Editor in 0.00 ms.
Unloading 2689 Unused Serialized files (Serialized files now loaded: 0)
System memory in use before: 160.5 MB.
System memory in use after: 160.7 MB.

Unloading 6 unused Assets to reduce memory usage. Loaded Objects now: 3923.
Total: 2.458100 ms (FindLiveObjects: 0.321900 ms CreateObjectMapping: 0.076500 ms MarkObjects: 2.045400 ms  DeleteObjects: 0.013600 ms)

========================================================================
Received Import Request.
  Time since last request: 7.791634 seconds.
  path: Assets/Prefabs/Zombies/Original/Zombie.prefab
  artifactKey: Guid(500e0c00f1816f24b9aa1b54585723ff) Importer(815301076,1909f56bfc062723c751e8b465ee728b)
Start importing Assets/Prefabs/Zombies/Original/Zombie.prefab using Guid(500e0c00f1816f24b9aa1b54585723ff) Importer(815301076,1909f56bfc062723c751e8b465ee728b)  -> (artifact id: '70f760303681eac6881fc2c90403cd97') in 0.151349 seconds
  Import took 0.156131 seconds .

========================================================================
Received Import Request.
  Time since last request: 7.696791 seconds.
  path: Assets/Prefabs/Zombies/Original/Zombie.prefab
  artifactKey: Guid(500e0c00f1816f24b9aa1b54585723ff) Importer(815301076,1909f56bfc062723c751e8b465ee728b)
Start importing Assets/Prefabs/Zombies/Original/Zombie.prefab using Guid(500e0c00f1816f24b9aa1b54585723ff) Importer(815301076,1909f56bfc062723c751e8b465ee728b)  -> (artifact id: '118f85593b110c11fecd48b873bc9f64') in 0.022716 seconds
  Import took 0.027958 seconds .

========================================================================
Received Import Request.
  Time since last request: 6.227042 seconds.
  path: Assets/Prefabs/Zombies/Original/Zombie.prefab
  artifactKey: Guid(500e0c00f1816f24b9aa1b54585723ff) Importer(815301076,1909f56bfc062723c751e8b465ee728b)
Start importing Assets/Prefabs/Zombies/Original/Zombie.prefab using Guid(500e0c00f1816f24b9aa1b54585723ff) Importer(815301076,1909f56bfc062723c751e8b465ee728b)  -> (artifact id: '7ee195d271086fd21925b235d743cf49') in 0.022617 seconds
  Import took 0.027824 seconds .

========================================================================
Received Prepare
Registering precompiled user dll's ...
Registered in 0.001490 seconds.
Begin MonoManager ReloadAssembly
Native extension for LinuxStandalone target not found
Native extension for WindowsStandalone target not found
Native extension for WebGL target not found
Refreshing native plugins compatible for Editor in 0.48 ms, found 0 plugins.
Preloading 0 native plugins for Editor in 0.00 ms.
Mono: successfully reloaded assembly
- Completed reload, in  0.815 seconds
Platform modules already initialized, skipping
Shader 'Universal Render Pipeline/Particles/Lit': fallback shader 'Universal Render Pipeline/Particles/SimpleLit' not found
Refreshing native plugins compatible for Editor in 0.48 ms, found 0 plugins.
Preloading 0 native plugins for Editor in 0.00 ms.
Unloading 2689 Unused Serialized files (Serialized files now loaded: 0)
System memory in use before: 160.6 MB.
System memory in use after: 160.9 MB.

Unloading 6 unused Assets to reduce memory usage. Loaded Objects now: 3962.
Total: 2.782700 ms (FindLiveObjects: 0.349600 ms CreateObjectMapping: 0.067700 ms MarkObjects: 2.349900 ms  DeleteObjects: 0.014700 ms)

========================================================================
Received Prepare
Registering precompiled user dll's ...
Registered in 0.001345 seconds.
Begin MonoManager ReloadAssembly
Native extension for LinuxStandalone target not found
Native extension for WindowsStandalone target not found
Native extension for WebGL target not found
Refreshing native plugins compatible for Editor in 0.46 ms, found 0 plugins.
Preloading 0 native plugins for Editor in 0.00 ms.
Mono: successfully reloaded assembly
- Completed reload, in  0.800 seconds
Platform modules already initialized, skipping
Shader 'Universal Render Pipeline/Particles/Lit': fallback shader 'Universal Render Pipeline/Particles/SimpleLit' not found
Refreshing native plugins compatible for Editor in 0.47 ms, found 0 plugins.
Preloading 0 native plugins for Editor in 0.00 ms.
Unloading 2689 Unused Serialized files (Serialized files now loaded: 0)
System memory in use before: 160.6 MB.
System memory in use after: 160.9 MB.

Unloading 6 unused Assets to reduce memory usage. Loaded Objects now: 3965.
Total: 2.561600 ms (FindLiveObjects: 0.361900 ms CreateObjectMapping: 0.078900 ms MarkObjects: 2.108200 ms  DeleteObjects: 0.011900 ms)

========================================================================
Received Prepare
Registering precompiled user dll's ...
Registered in 0.001357 seconds.
Begin MonoManager ReloadAssembly
Native extension for LinuxStandalone target not found
Native extension for WindowsStandalone target not found
Native extension for WebGL target not found
Refreshing native plugins compatible for Editor in 0.46 ms, found 0 plugins.
Preloading 0 native plugins for Editor in 0.00 ms.
Mono: successfully reloaded assembly
- Completed reload, in  0.780 seconds
Platform modules already initialized, skipping
Shader 'Universal Render Pipeline/Particles/Lit': fallback shader 'Universal Render Pipeline/Particles/SimpleLit' not found
Refreshing native plugins compatible for Editor in 0.48 ms, found 0 plugins.
Preloading 0 native plugins for Editor in 0.00 ms.
Unloading 2689 Unused Serialized files (Serialized files now loaded: 0)
System memory in use before: 160.6 MB.
System memory in use after: 160.9 MB.

Unloading 6 unused Assets to reduce memory usage. Loaded Objects now: 3968.
Total: 2.625000 ms (FindLiveObjects: 0.369300 ms CreateObjectMapping: 0.068600 ms MarkObjects: 2.171000 ms  DeleteObjects: 0.015300 ms)

========================================================================
Received Prepare
Registering precompiled user dll's ...
Registered in 0.001360 seconds.
Begin MonoManager ReloadAssembly
Native extension for LinuxStandalone target not found
Native extension for WindowsStandalone target not found
Native extension for WebGL target not found
Refreshing native plugins compatible for Editor in 0.48 ms, found 0 plugins.
Preloading 0 native plugins for Editor in 0.00 ms.
Mono: successfully reloaded assembly
- Completed reload, in  0.791 seconds
Platform modules already initialized, skipping
Shader 'Universal Render Pipeline/Particles/Lit': fallback shader 'Universal Render Pipeline/Particles/SimpleLit' not found
Refreshing native plugins compatible for Editor in 0.49 ms, found 0 plugins.
Preloading 0 native plugins for Editor in 0.00 ms.
Unloading 2689 Unused Serialized files (Serialized files now loaded: 0)
System memory in use before: 160.6 MB.
System memory in use after: 160.9 MB.

Unloading 6 unused Assets to reduce memory usage. Loaded Objects now: 3971.
Total: 2.781400 ms (FindLiveObjects: 0.376200 ms CreateObjectMapping: 0.067300 ms MarkObjects: 2.320300 ms  DeleteObjects: 0.016800 ms)

========================================================================
Received Prepare
Registering precompiled user dll's ...
Registered in 0.001378 seconds.
Begin MonoManager ReloadAssembly
Native extension for LinuxStandalone target not found
Native extension for WindowsStandalone target not found
Native extension for WebGL target not found
Refreshing native plugins compatible for Editor in 0.50 ms, found 0 plugins.
Preloading 0 native plugins for Editor in 0.00 ms.
Mono: successfully reloaded assembly
- Completed reload, in  0.794 seconds
Platform modules already initialized, skipping
Shader 'Universal Render Pipeline/Particles/Lit': fallback shader 'Universal Render Pipeline/Particles/SimpleLit' not found
Refreshing native plugins compatible for Editor in 0.45 ms, found 0 plugins.
Preloading 0 native plugins for Editor in 0.00 ms.
Unloading 2689 Unused Serialized files (Serialized files now loaded: 0)
System memory in use before: 160.7 MB.
System memory in use after: 160.9 MB.

Unloading 6 unused Assets to reduce memory usage. Loaded Objects now: 3974.
Total: 2.555100 ms (FindLiveObjects: 0.370400 ms CreateObjectMapping: 0.079400 ms MarkObjects: 2.093000 ms  DeleteObjects: 0.011600 ms)

========================================================================
Received Prepare
Registering precompiled user dll's ...
Registered in 0.001350 seconds.
Begin MonoManager ReloadAssembly
Native extension for LinuxStandalone target not found
Native extension for WindowsStandalone target not found
Native extension for WebGL target not found
Refreshing native plugins compatible for Editor in 0.46 ms, found 0 plugins.
Preloading 0 native plugins for Editor in 0.00 ms.
Mono: successfully reloaded assembly
- Completed reload, in  0.795 seconds
Platform modules already initialized, skipping
Shader 'Universal Render Pipeline/Particles/Lit': fallback shader 'Universal Render Pipeline/Particles/SimpleLit' not found
Refreshing native plugins compatible for Editor in 0.46 ms, found 0 plugins.
Preloading 0 native plugins for Editor in 0.00 ms.
Unloading 2689 Unused Serialized files (Serialized files now loaded: 0)
System memory in use before: 160.7 MB.
System memory in use after: 160.9 MB.

Unloading 6 unused Assets to reduce memory usage. Loaded Objects now: 3977.
Total: 2.578900 ms (FindLiveObjects: 0.357200 ms CreateObjectMapping: 0.068800 ms MarkObjects: 2.138700 ms  DeleteObjects: 0.013400 ms)

========================================================================
Received Prepare
Registering precompiled user dll's ...
Registered in 0.001525 seconds.
Begin MonoManager ReloadAssembly
Native extension for LinuxStandalone target not found
Native extension for WindowsStandalone target not found
Native extension for WebGL target not found
Refreshing native plugins compatible for Editor in 0.46 ms, found 0 plugins.
Preloading 0 native plugins for Editor in 0.00 ms.
Mono: successfully reloaded assembly
- Completed reload, in  0.813 seconds
Platform modules already initialized, skipping
Shader 'Universal Render Pipeline/Particles/Lit': fallback shader 'Universal Render Pipeline/Particles/SimpleLit' not found
Refreshing native plugins compatible for Editor in 0.47 ms, found 0 plugins.
Preloading 0 native plugins for Editor in 0.00 ms.
Unloading 2689 Unused Serialized files (Serialized files now loaded: 0)
System memory in use before: 160.7 MB.
System memory in use after: 160.9 MB.

Unloading 6 unused Assets to reduce memory usage. Loaded Objects now: 3980.
Total: 2.500100 ms (FindLiveObjects: 0.346000 ms CreateObjectMapping: 0.066200 ms MarkObjects: 2.074400 ms  DeleteObjects: 0.012700 ms)

========================================================================
Received Prepare
Registering precompiled user dll's ...
Registered in 0.001311 seconds.
Begin MonoManager ReloadAssembly
Native extension for LinuxStandalone target not found
Native extension for WindowsStandalone target not found
Native extension for WebGL target not found
Refreshing native plugins compatible for Editor in 0.48 ms, found 0 plugins.
Preloading 0 native plugins for Editor in 0.00 ms.
Mono: successfully reloaded assembly
- Completed reload, in  0.817 seconds
Platform modules already initialized, skipping
Shader 'Universal Render Pipeline/Particles/Lit': fallback shader 'Universal Render Pipeline/Particles/SimpleLit' not found
Refreshing native plugins compatible for Editor in 0.47 ms, found 0 plugins.
Preloading 0 native plugins for Editor in 0.00 ms.
Unloading 2689 Unused Serialized files (Serialized files now loaded: 0)
System memory in use before: 160.7 MB.
System memory in use after: 160.9 MB.

Unloading 6 unused Assets to reduce memory usage. Loaded Objects now: 3983.
Total: 2.839300 ms (FindLiveObjects: 0.346800 ms CreateObjectMapping: 0.070200 ms MarkObjects: 2.405100 ms  DeleteObjects: 0.016300 ms)

========================================================================
Received Prepare
Registering precompiled user dll's ...
Registered in 0.002104 seconds.
Begin MonoManager ReloadAssembly
Native extension for LinuxStandalone target not found
Native extension for WindowsStandalone target not found
Native extension for WebGL target not found
Refreshing native plugins compatible for Editor in 0.47 ms, found 0 plugins.
Preloading 0 native plugins for Editor in 0.00 ms.
Mono: successfully reloaded assembly
- Completed reload, in  0.815 seconds
Platform modules already initialized, skipping
Shader 'Universal Render Pipeline/Particles/Lit': fallback shader 'Universal Render Pipeline/Particles/SimpleLit' not found
Refreshing native plugins compatible for Editor in 0.45 ms, found 0 plugins.
Preloading 0 native plugins for Editor in 0.00 ms.
Unloading 2689 Unused Serialized files (Serialized files now loaded: 0)
System memory in use before: 160.7 MB.
System memory in use after: 160.9 MB.

Unloading 6 unused Assets to reduce memory usage. Loaded Objects now: 3986.
Total: 2.604000 ms (FindLiveObjects: 0.365100 ms CreateObjectMapping: 0.079800 ms MarkObjects: 2.145200 ms  DeleteObjects: 0.012800 ms)

========================================================================
Received Prepare
Registering precompiled user dll's ...
Registered in 0.001277 seconds.
Begin MonoManager ReloadAssembly
Native extension for LinuxStandalone target not found
Native extension for WindowsStandalone target not found
Native extension for WebGL target not found
Refreshing native plugins compatible for Editor in 0.45 ms, found 0 plugins.
Preloading 0 native plugins for Editor in 0.00 ms.
Mono: successfully reloaded assembly
- Completed reload, in  0.799 seconds
Platform modules already initialized, skipping
Shader 'Universal Render Pipeline/Particles/Lit': fallback shader 'Universal Render Pipeline/Particles/SimpleLit' not found
Refreshing native plugins compatible for Editor in 0.46 ms, found 0 plugins.
Preloading 0 native plugins for Editor in 0.00 ms.
Unloading 2689 Unused Serialized files (Serialized files now loaded: 0)
System memory in use before: 160.7 MB.
System memory in use after: 160.9 MB.

Unloading 6 unused Assets to reduce memory usage. Loaded Objects now: 3989.
Total: 2.524900 ms (FindLiveObjects: 0.323600 ms CreateObjectMapping: 0.068500 ms MarkObjects: 2.119000 ms  DeleteObjects: 0.012800 ms)

========================================================================
Received Prepare
Registering precompiled user dll's ...
Registered in 0.001386 seconds.
Begin MonoManager ReloadAssembly
Native extension for LinuxStandalone target not found
Native extension for WindowsStandalone target not found
Native extension for WebGL target not found
Refreshing native plugins compatible for Editor in 0.46 ms, found 0 plugins.
Preloading 0 native plugins for Editor in 0.00 ms.
Mono: successfully reloaded assembly
- Completed reload, in  0.812 seconds
Platform modules already initialized, skipping
Shader 'Universal Render Pipeline/Particles/Lit': fallback shader 'Universal Render Pipeline/Particles/SimpleLit' not found
Refreshing native plugins compatible for Editor in 0.46 ms, found 0 plugins.
Preloading 0 native plugins for Editor in 0.00 ms.
Unloading 2689 Unused Serialized files (Serialized files now loaded: 0)
System memory in use before: 160.7 MB.
System memory in use after: 160.9 MB.

Unloading 6 unused Assets to reduce memory usage. Loaded Objects now: 3992.
Total: 2.488700 ms (FindLiveObjects: 0.335000 ms CreateObjectMapping: 0.068500 ms MarkObjects: 2.072800 ms  DeleteObjects: 0.011500 ms)

========================================================================
Received Prepare
Registering precompiled user dll's ...
Registered in 0.001333 seconds.
Begin MonoManager ReloadAssembly
Native extension for LinuxStandalone target not found
Native extension for WindowsStandalone target not found
Native extension for WebGL target not found
Refreshing native plugins compatible for Editor in 0.47 ms, found 0 plugins.
Preloading 0 native plugins for Editor in 0.00 ms.
Mono: successfully reloaded assembly
- Completed reload, in  0.816 seconds
Platform modules already initialized, skipping
Shader 'Universal Render Pipeline/Particles/Lit': fallback shader 'Universal Render Pipeline/Particles/SimpleLit' not found
Refreshing native plugins compatible for Editor in 0.47 ms, found 0 plugins.
Preloading 0 native plugins for Editor in 0.00 ms.
Unloading 2689 Unused Serialized files (Serialized files now loaded: 0)
System memory in use before: 160.7 MB.
System memory in use after: 160.9 MB.

Unloading 6 unused Assets to reduce memory usage. Loaded Objects now: 3995.
Total: 2.586300 ms (FindLiveObjects: 0.338800 ms CreateObjectMapping: 0.068400 ms MarkObjects: 2.164800 ms  DeleteObjects: 0.013300 ms)

========================================================================
Received Prepare
Registering precompiled user dll's ...
Registered in 0.001377 seconds.
Begin MonoManager ReloadAssembly
Native extension for LinuxStandalone target not found
Native extension for WindowsStandalone target not found
Native extension for WebGL target not found
Refreshing native plugins compatible for Editor in 0.52 ms, found 0 plugins.
Preloading 0 native plugins for Editor in 0.00 ms.
Mono: successfully reloaded assembly
- Completed reload, in  0.804 seconds
Platform modules already initialized, skipping
Shader 'Universal Render Pipeline/Particles/Lit': fallback shader 'Universal Render Pipeline/Particles/SimpleLit' not found
Refreshing native plugins compatible for Editor in 0.46 ms, found 0 plugins.
Preloading 0 native plugins for Editor in 0.00 ms.
Unloading 2689 Unused Serialized files (Serialized files now loaded: 0)
System memory in use before: 160.7 MB.
System memory in use after: 161.0 MB.

Unloading 6 unused Assets to reduce memory usage. Loaded Objects now: 3998.
Total: 2.583400 ms (FindLiveObjects: 0.355600 ms CreateObjectMapping: 0.070000 ms MarkObjects: 2.143900 ms  DeleteObjects: 0.012800 ms)

========================================================================
Received Prepare
Registering precompiled user dll's ...
Registered in 0.001547 seconds.
Begin MonoManager ReloadAssembly
Native extension for LinuxStandalone target not found
Native extension for WindowsStandalone target not found
Native extension for WebGL target not found
Refreshing native plugins compatible for Editor in 0.47 ms, found 0 plugins.
Preloading 0 native plugins for Editor in 0.00 ms.
Mono: successfully reloaded assembly
- Completed reload, in  0.798 seconds
Platform modules already initialized, skipping
Shader 'Universal Render Pipeline/Particles/Lit': fallback shader 'Universal Render Pipeline/Particles/SimpleLit' not found
Refreshing native plugins compatible for Editor in 0.46 ms, found 0 plugins.
Preloading 0 native plugins for Editor in 0.00 ms.
Unloading 2689 Unused Serialized files (Serialized files now loaded: 0)
System memory in use before: 160.7 MB.
System memory in use after: 161.0 MB.

Unloading 6 unused Assets to reduce memory usage. Loaded Objects now: 4001.
Total: 2.641800 ms (FindLiveObjects: 0.336300 ms CreateObjectMapping: 0.065900 ms MarkObjects: 2.226800 ms  DeleteObjects: 0.011900 ms)

AssetImportWorkerClient::OnTransportError - code=2 error=End of file
